* using log directory ‘/home/deckard/Documents/git_repos/krakenR.Rcheck’
* using R version 3.2.5 (2016-04-14)
* using platform: x86_64-pc-linux-gnu (64-bit)
* using session charset: UTF-8
* using option ‘--as-cran’
* checking for file ‘krakenR/DESCRIPTION’ ... OK
* checking extension type ... Package
* this is package ‘krakenR’ version ‘0.1.0’
* package encoding: UTF-8
* checking CRAN incoming feasibility ... NOTE
Maintainer: ‘The package maintainer <yourself@somewhere.net>’
New submission

Non-FOSS package license (What license is it under?)

Checking URLs requires 'libcurl' support in the R build
* checking package namespace information ... OK
* checking package dependencies ... NOTE
  No repository set, so cyclic dependency check skipped
* checking if this is a source package ... OK
* checking if there is a namespace ... OK
* checking for executable files ... WARNING
Found the following executable files:
  .git/objects/04/0cb5aa670a4dcffdafc20165898d3d27ec48fa
  .git/objects/06/0f4a85eca5309f264d280e13ff649e57fabd37
  .git/objects/06/6c677d1bddf8fdcc7cbb679f650ba39069f165
  .git/objects/0d/3549340dca01458d0561766820a4782d66ccea
  .git/objects/0f/a7c4b8817591c2dff2b3997d2566320ac6d9fc
  .git/objects/15/4eef8fd74b22b3f757e103d888db9da52ad1ca
  .git/objects/16/4aa37c4c442958bb697524e79a5188cc2be78e
  .git/objects/18/0152cb4999012cbdd9ecfb4b89fe9226fcc1b8
  .git/objects/1f/78f757f2dd56a749e6753d6190f92e2c7e0901
  .git/objects/21/e0336ea04a75dd2245ec1381a965c29cff1684
  .git/objects/28/ec706fcf03a1d6cf2e6de2d62df6ddb12a02c3
  .git/objects/29/75187ab5615a743d40959e0bf7eccca0565adc
  .git/objects/2a/6ac4d71c5eb0bb25f28e3ff360d48e3ce80fbd
  .git/objects/2d/495a99be175c412529b6ebc9b6e4e4644e7b50
  .git/objects/2d/80425f0f4fc9f8b40246ed9b768747cc04cd18
  .git/objects/33/a645674057fc368f4c8ab8f702a2b7ee71d1ac
  .git/objects/36/2efb379bdf1e158875d8b5c55b196387e6b170
  .git/objects/38/82c1e4190b1753369e35087017fe2aa6b9ebf7
  .git/objects/3b/b2ca5c3163e3988ff4936da9dba48a62a5528e
  .git/objects/3c/562c49dd5846420e76aa488f772b96e717e6e3
  .git/objects/43/c0cd837584ccf1245963c5e978b9692b65c462
  .git/objects/48/75044637320a69fc404d87c82b9a3184d01b74
  .git/objects/49/08c1c2b881e1f6a39cfcd2cf752a5a3017da9e
  .git/objects/49/59fd9494f89ef8869b3a7471326f230f2f51dc
  .git/objects/49/7f8bfcfb9d13ad61d14d79963641e9aeab41b0
  .git/objects/55/4f59f6761ee2978e9107b9b3f73efb9bed5f07
  .git/objects/5a/7e7db288e0c8dedd90a79729d7d7102f983ed8
  .git/objects/5b/6a0652566d10360493952aec6d4a4febc77083
  .git/objects/73/7e4745fdffc557b09f62b83ef91b582bc7fa69
  .git/objects/81/716bd1eadefaeda4c2935047254033c5c107b4
  .git/objects/82/1e2347e3b6b091981db922b77f887de4634d36
  .git/objects/83/f609b0f8b061cdfda6ee33621fb2dd46d138c1
  .git/objects/86/8efde0ebd1b3cf10df89fab3fb79875f23796e
  .git/objects/89/274ee046cf5c8f431f9e91048a2d4f8fb25dbb
  .git/objects/91/114bf2f2bba5e0c5252e75018da19b869776f1
  .git/objects/9d/d4359ec6754aeb0a1d97cd13039776ff4fd524
  .git/objects/a0/e81a17dbae481bd140f61e7ced9618077df027
  .git/objects/a3/51ef6022f03475947330295a136e814b9965e9
  .git/objects/a5/f024762e5d80cae508a36119b874898168a7f5
  .git/objects/aa/754cb97e9868085a5e2faf0cff85f615247574
  .git/objects/ad/9982e62b51af408ea4d22df8726191c34b1f09
  .git/objects/ae/5f02f772919c7cdb3665327b64a447a8f98894
  .git/objects/c3/42a21ceaf746e83cbf65e0fb1871cd2bf77821
  .git/objects/c5/1d785988aac47e3d4703a799048930a160719d
  .git/objects/c8/58d01e19678c3410131ad7ac610c25d3b23281
  .git/objects/c9/1262ac4cb8ecaef09280b3e3b1e438f76842a8
  .git/objects/c9/4ab1ac1f212700bbd439473b5750049ce2b804
  .git/objects/cb/0db325ff49c15a2f9d9cefaa2e901b192582e5
  .git/objects/d0/6d5d939678ae5086b4c3d71410c962bf454d5a
  .git/objects/d2/628a0af1fd4762dc9da9afa7ef518472c06a97
  .git/objects/d7/5f824ec6278db24891505b14ab3d915514dba7
  .git/objects/d8/b7900569264677f83a3f692c40d7aff9cff30d
  .git/objects/dd/8c23aa96b8d0b7318a53fe3d462f8714895f07
  .git/objects/df/3f2d4865c372cf69565ff7c07daf9a3f50605b
  .git/objects/df/a53387c0ce13f622f525b80aa6d008f0300311
  .git/objects/e0/67c050214c6ba088d9dc25468ea854492aaabd
  .git/objects/e6/9de29bb2d1d6434b8b29ae775ad8c2e48c5391
  .git/objects/e8/23b719ee2390228a5b6c20e48f6bcdfadb65e4
  .git/objects/ee/09316d0c62ded2a572e683233dee098b9c8cbf
  .git/objects/f0/344d8776752bb4afae060540a48747f881d25d
  .git/objects/f1/1516f9bc7e0b4cbfa04a110e933bee22446ef9
  .git/objects/f1/9711b0c160d5f27db5a08e17e9e26b126c1510
  .git/objects/f7/e8e62ceca2ab2ea37d37bdaddb53e2abfe974f
  .git/objects/ff/7ac8bd547e1e3925834566cdff95cfc75d5b99
Source packages should not contain undeclared executable files.
See section ‘Package structure’ in the ‘Writing R Extensions’ manual.
* checking for hidden files and directories ... NOTE
Found the following hidden files and directories:
  .Rhistory
  .gitignore
  R/.Rhistory
  .Rproj.user
  .git
These were most likely included in error. See section ‘Package
structure’ in the ‘Writing R Extensions’ manual.

CRAN-pack does not know about
  .git
* checking for portable file names ... OK
* checking for sufficient/correct file permissions ... OK
* checking whether package ‘krakenR’ can be installed ... OK
* checking installed package size ... OK
* checking package directory ... OK
* checking DESCRIPTION meta-information ... WARNING
Non-standard license specification:
  What license is it under?
Standardizable: FALSE
* checking top-level files ... NOTE
File README.md cannot be checked without ‘pandoc’ being installed.
Non-standard file/directory found at top level:
  ‘krakenR.Rproj’
* checking for left-over files ... OK
* checking index information ... OK
* checking package subdirectories ... WARNING
Found the following directory with the name of a version control directory:
  ./.git
These should not be in a package tarball.
* checking R files for non-ASCII characters ... OK
* checking R files for syntax errors ... OK
* checking whether the package can be loaded ... OK
* checking whether the package can be loaded with stated dependencies ... OK
* checking whether the package can be unloaded cleanly ... OK
* checking whether the namespace can be loaded with stated dependencies ... OK
* checking whether the namespace can be unloaded cleanly ... OK
* checking loading without being on the library search path ... OK
* checking use of S3 registration ... OK
* checking dependencies in R code ... OK
* checking S3 generic/method consistency ... OK
* checking replacement functions ... OK
* checking foreign function calls ... OK
* checking R code for possible problems ... OK
* checking Rd files ... OK
* checking Rd metadata ... OK
* checking Rd line widths ... OK
* checking Rd cross-references ... OK
* checking for missing documentation entries ... WARNING
Undocumented code objects:
  ‘create_kraken_tick_file’ ‘get_asset_info’ ‘get_ohlc_data’
  ‘get_order_book’ ‘get_recent_spread’ ‘get_recent_trades’
  ‘get_server_time’ ‘get_ticker_info’ ‘get_tradable_asset_pair’
All user-level objects in a package should have documentation entries.
See chapter ‘Writing R documentation files’ in the ‘Writing R
Extensions’ manual.
* checking for code/documentation mismatches ... WARNING
Functions or methods with usage in documentation object 'hello' but not in code:
  hello

* checking Rd \usage sections ... OK
* checking Rd contents ... OK
* checking for unstated dependencies in examples ... OK
* checking examples ... ERROR
Running examples in ‘krakenR-Ex.R’ failed
The error most likely occurred in:

> base::assign(".ptime", proc.time(), pos = "CheckExEnv")
> ### Name: hello
> ### Title: Hello, World!
> ### Aliases: hello
> 
> ### ** Examples
> 
> hello()
Error: could not find function "hello"
Execution halted
* checking PDF version of manual ... WARNING
LaTeX errors when creating PDF version.
This typically indicates Rd problems.
* checking PDF version of manual without hyperrefs or index ... ERROR
Re-running with no redirection of stdout/stderr.
* DONE
Status: 2 ERRORs, 6 WARNINGs, 4 NOTEs
